<?xml version="1.0" encoding="UTF-8"?>
<!-- Generated by org.testng.reporters.JUnitReportReporter -->
<testsuite hostname="MM-Hmwepwint" failures="0" tests="3" name="com.demoautocicd.demoCICD.TestClass1" time="72.274" errors="0" timestamp="30 Dec 2021 17:04:26 GMT" skipped="0">
  <testcase classname="com.demoautocicd.demoCICD.TestClass1" name="Test1" time="20.270"/>
  <testcase classname="com.demoautocicd.demoCICD.TestClass1" name="Test2" time="32.284"/>
  <testcase classname="com.demoautocicd.demoCICD.TestClass1" name="Test3" time="19.720"/>
</testsuite> <!-- com.demoautocicd.demoCICD.TestClass1 -->
